[debug] [2017-11-11T04:31:24.831Z] ----------------------------------------------------------------------
[debug] [2017-11-11T04:31:24.846Z] Command:       C:\Program Files\nodejs\node.exe C:\Users\HanMin\AppData\Roaming\npm\node_modules\firebase-tools\bin\firebase deploy
[debug] [2017-11-11T04:31:24.846Z] CLI Version:   3.15.0
[debug] [2017-11-11T04:31:24.846Z] Platform:      win32
[debug] [2017-11-11T04:31:24.846Z] Node Version:  v6.11.2
[debug] [2017-11-11T04:31:24.846Z] Time:          Fri Nov 10 2017 20:31:24 GMT-0800 (Pacific Standard Time)
[debug] [2017-11-11T04:31:24.846Z] ----------------------------------------------------------------------
[debug] 
[debug] [2017-11-11T04:31:24.909Z] > command requires scopes: ["email","openid","https://www.googleapis.com/auth/cloudplatformprojects.readonly","https://www.googleapis.com/auth/firebase","https://www.googleapis.com/auth/cloud-platform"]
[debug] [2017-11-11T04:31:24.909Z] > authorizing via signed-in user
[debug] [2017-11-11T04:31:24.924Z] > refreshing access token with scopes: ["email","https://www.googleapis.com/auth/cloud-platform","https://www.googleapis.com/auth/cloudplatformprojects.readonly","https://www.googleapis.com/auth/firebase","openid"]
[debug] [2017-11-11T04:31:24.924Z] >>> HTTP REQUEST POST https://www.googleapis.com/oauth2/v3/token { refresh_token: '1/W8adUotbkiowUEZ8KeiK3UltW9nkmrbwXkfjsLxGDg8',
  client_id: '563584335869-fgrhgmd47bqnekij5i8b5pr03ho849e6.apps.googleusercontent.com',
  client_secret: 'j9iVZfS8kkCEFUPaAeJV0sAi',
  grant_type: 'refresh_token',
  scope: 'email https://www.googleapis.com/auth/cloud-platform https://www.googleapis.com/auth/cloudplatformprojects.readonly https://www.googleapis.com/auth/firebase openid' } 
 Fri Nov 10 2017 20:31:24 GMT-0800 (Pacific Standard Time)
[debug] [2017-11-11T04:31:25.237Z] <<< HTTP RESPONSE 200
[debug] [2017-11-11T04:31:25.388Z] >>> HTTP REQUEST GET https://admin.firebase.com/v1/projects/bot-teamupschool  
 Fri Nov 10 2017 20:31:25 GMT-0800 (Pacific Standard Time)
[debug] [2017-11-11T04:31:26.065Z] <<< HTTP RESPONSE 200
[debug] [2017-11-11T04:31:26.065Z] >>> HTTP REQUEST GET https://admin.firebase.com/v1/database/bot-teamupschool/tokens  
 Fri Nov 10 2017 20:31:26 GMT-0800 (Pacific Standard Time)
[debug] [2017-11-11T04:31:26.754Z] <<< HTTP RESPONSE 200
[info] 
[info] === Deploying to 'bot-teamupschool'...
[info] 
[info] i  deploying functions
[debug] [2017-11-11T04:31:27.609Z] > [functions] package.json contents: {
  "name": "bot-teamupschool",
  "version": "1.0.0",
  "description": "",
  "main": "index.js",
  "scripts": {
    "test": "mocha"
  },
  "author": "Meera Bavadekar",
  "license": "ISC",
  "dependencies": {
    "actions-on-google": "^1.2.1",
    "circular-json": "^0.3.3",
    "dashbot": "^9.2.0",
    "firebase": "^4.6.2",
    "firebase-admin": "^5.5.0",
    "firebase-functions": "^0.7.3",
    "fuse.js": "^3.1.0",
    "ical": "^0.5.0",
    "json-circular": "0.0.1",
    "moment": "^2.18.1",
    "moment-timezone": "^0.5.13",
    "nevernull": "^1.3.0",
    "node-ical": "^0.5.4"
  },
  "repository": {
    "type": "git",
    "url": "git+https://github.com/meera/bot-teamup.git"
  },
  "homepage": "https://www.teamupschool.com",
  "devDependencies": {
    "babel-cli": "^6.26.0",
    "chai": "^4.1.2",
    "expect": "^21.2.1",
    "fuse.js": "^3.1.0",
    "ical2json": "^1.2.0",
    "mocha": "^3.5.3",
    "request": "^2.83.0",
    "should": "^13.1.0",
    "sinon": "^4.0.1",
    "supertest": "^3.0.0"
  }
}
[info] i  functions: ensuring necessary APIs are enabled...
[info] i  runtimeconfig: ensuring necessary APIs are enabled...
[debug] [2017-11-11T04:31:27.609Z] >>> HTTP REQUEST GET https://servicemanagement.googleapis.com/v1/services/cloudfunctions.googleapis.com/projectSettings/bot-teamupschool?view=CONSUMER_VIEW  
 Fri Nov 10 2017 20:31:27 GMT-0800 (Pacific Standard Time)
[debug] [2017-11-11T04:31:27.625Z] >>> HTTP REQUEST GET https://servicemanagement.googleapis.com/v1/services/runtimeconfig.googleapis.com/projectSettings/bot-teamupschool?view=CONSUMER_VIEW  
 Fri Nov 10 2017 20:31:27 GMT-0800 (Pacific Standard Time)
[debug] [2017-11-11T04:31:28.234Z] <<< HTTP RESPONSE 200
[info] +  functions: all necessary APIs are enabled
[debug] [2017-11-11T04:31:28.265Z] <<< HTTP RESPONSE 200
[info] +  runtimeconfig: all necessary APIs are enabled
[debug] [2017-11-11T04:31:28.281Z] >>> HTTP REQUEST GET https://appengine.googleapis.com/v1/apps/bot-teamupschool  
 Fri Nov 10 2017 20:31:28 GMT-0800 (Pacific Standard Time)
[debug] [2017-11-11T04:31:28.281Z] >>> HTTP REQUEST GET https://apikeys.googleapis.com/v1/projects/bot-teamupschool/apiKeys  
 Fri Nov 10 2017 20:31:28 GMT-0800 (Pacific Standard Time)
[debug] [2017-11-11T04:31:28.828Z] <<< HTTP RESPONSE 200
[debug] [2017-11-11T04:31:28.843Z] <<< HTTP RESPONSE 200
[info] i  functions: preparing . directory for uploading...
[debug] [2017-11-11T04:35:04.651Z] >>> HTTP REQUEST GET https://runtimeconfig.googleapis.com/v1beta1/projects/bot-teamupschool/configs  
 Fri Nov 10 2017 20:35:04 GMT-0800 (Pacific Standard Time)
[debug] [2017-11-11T04:35:05.105Z] <<< HTTP RESPONSE 200
[debug] [2017-11-11T04:35:05.120Z] >>> HTTP REQUEST GET https://runtimeconfig.googleapis.com/v1beta1/projects/bot-teamupschool/configs/dashbot/variables  
 Fri Nov 10 2017 20:35:05 GMT-0800 (Pacific Standard Time)
[debug] [2017-11-11T04:35:05.433Z] <<< HTTP RESPONSE 200
[debug] [2017-11-11T04:35:05.433Z] >>> HTTP REQUEST GET https://runtimeconfig.googleapis.com/v1beta1/projects/bot-teamupschool/configs/dashbot/variables/api_key  
 Fri Nov 10 2017 20:35:05 GMT-0800 (Pacific Standard Time)
[debug] [2017-11-11T04:35:05.683Z] <<< HTTP RESPONSE 200
[info] i  functions: packaged . (3.93 MB) for uploading
[debug] [2017-11-11T04:36:07.485Z] >>> HTTP REQUEST GET https://www.googleapis.com/storage/v1/b/staging.bot-teamupschool.appspot.com  
 Fri Nov 10 2017 20:36:07 GMT-0800 (Pacific Standard Time)
[debug] [2017-11-11T04:36:07.750Z] <<< HTTP RESPONSE 200
[debug] [2017-11-11T04:36:07.750Z] >>> HTTP REQUEST POST https://www.googleapis.com/upload/storage/v1/b/staging.bot-teamupschool.appspot.com/o?uploadType=media&name=firebase-functions-source ReadStream {
  _readableState: 
   ReadableState {
     objectMode: false,
     highWaterMark: 65536,
     buffer: BufferList { head: [Object], tail: [Object], length: 1 },
     length: 65536,
     pipes: null,
     pipesCount: 0,
     flowing: null,
     ended: false,
     endEmitted: false,
     reading: false,
     sync: false,
     needReadable: false,
     emittedReadable: true,
     readableListening: false,
     resumeScheduled: false,
     defaultEncoding: 'utf8',
     ranOut: false,
     awaitDrain: 0,
     readingMore: false,
     decoder: null,
     encoding: null },
  readable: true,
  domain: null,
  _events: { end: [Function] },
  _eventsCount: 1,
  _maxListeners: undefined,
  path: 'C:\\Users\\HanMin\\AppData\\Local\\Temp\\firebase-functions-39882zyImTiXRXfS.zip',
  fd: 5,
  flags: 'r',
  mode: 438,
  start: undefined,
  end: undefined,
  autoClose: true,
  pos: undefined,
  bytesRead: 65536 } 
 Fri Nov 10 2017 20:36:07 GMT-0800 (Pacific Standard Time)
[debug] [2017-11-11T04:36:13.334Z] <<< HTTP RESPONSE 403
[debug] [2017-11-11T04:36:13.334Z] <<< HTTP RESPONSE BODY {
 "error": {
  "errors": [
   {
    "domain": "global",
    "reason": "forbidden",
    "message": "swetha.soudher@gmail.com does not have storage.objects.create access to bucket staging.bot-teamupschool.appspot.com."
   }
  ],
  "code": 403,
  "message": "swetha.soudher@gmail.com does not have storage.objects.create access to bucket staging.bot-teamupschool.appspot.com."
 }
}

[debug] [2017-11-11T04:36:13.350Z] TypeError: Cannot create property 'error' on string '{
 "error": {
  "errors": [
   {
    "domain": "global",
    "reason": "forbidden",
    "message": "swetha.soudher@gmail.com does not have storage.objects.create access to bucket staging.bot-teamupschool.appspot.com."
   }
  ],
  "code": 403,
  "message": "swetha.soudher@gmail.com does not have storage.objects.create access to bucket staging.bot-teamupschool.appspot.com."
 }
}
'
    at module.exports (C:\Users\HanMin\AppData\Roaming\npm\node_modules\firebase-tools\lib\responseToError.js:11:16)
    at Request._callback (C:\Users\HanMin\AppData\Roaming\npm\node_modules\firebase-tools\lib\api.js:43:25)
    at Request.self.callback (C:\Users\HanMin\AppData\Roaming\npm\node_modules\firebase-tools\node_modules\request\request.js:186:22)
    at emitTwo (events.js:106:13)
    at Request.emit (events.js:191:7)
    at Request.<anonymous> (C:\Users\HanMin\AppData\Roaming\npm\node_modules\firebase-tools\node_modules\request\request.js:1163:10)
    at emitOne (events.js:96:13)
    at Request.emit (events.js:188:7)
    at IncomingMessage.<anonymous> (C:\Users\HanMin\AppData\Roaming\npm\node_modules\firebase-tools\node_modules\request\request.js:1085:12)
    at IncomingMessage.g (events.js:292:16)
[error] 
[error] Error: An unexpected error has occurred.
[debug] [2017-11-11T04:47:45.094Z] ----------------------------------------------------------------------
[debug] [2017-11-11T04:47:45.094Z] Command:       C:\Program Files\nodejs\node.exe C:\Users\HanMin\AppData\Roaming\npm\node_modules\firebase-tools\bin\firebase deploy
[debug] [2017-11-11T04:47:45.109Z] CLI Version:   3.15.0
[debug] [2017-11-11T04:47:45.109Z] Platform:      win32
[debug] [2017-11-11T04:47:45.109Z] Node Version:  v6.11.2
[debug] [2017-11-11T04:47:45.109Z] Time:          Fri Nov 10 2017 20:47:45 GMT-0800 (Pacific Standard Time)
[debug] [2017-11-11T04:47:45.109Z] ----------------------------------------------------------------------
[debug] 
[debug] [2017-11-11T04:47:45.172Z] > command requires scopes: ["email","openid","https://www.googleapis.com/auth/cloudplatformprojects.readonly","https://www.googleapis.com/auth/firebase","https://www.googleapis.com/auth/cloud-platform"]
[debug] [2017-11-11T04:47:45.172Z] > authorizing via signed-in user
[debug] [2017-11-11T04:47:45.188Z] >>> HTTP REQUEST GET https://admin.firebase.com/v1/projects/bot-teamupschool  
 Fri Nov 10 2017 20:47:45 GMT-0800 (Pacific Standard Time)
[debug] [2017-11-11T04:47:45.943Z] <<< HTTP RESPONSE 200
[debug] [2017-11-11T04:47:45.958Z] >>> HTTP REQUEST GET https://admin.firebase.com/v1/database/bot-teamupschool/tokens  
 Fri Nov 10 2017 20:47:45 GMT-0800 (Pacific Standard Time)
[debug] [2017-11-11T04:47:46.454Z] <<< HTTP RESPONSE 200
[info] 
[info] === Deploying to 'bot-teamupschool'...
[info] 
[info] i  deploying functions
[debug] [2017-11-11T04:47:47.257Z] > [functions] package.json contents: {
  "name": "bot-teamupschool",
  "version": "1.0.0",
  "description": "",
  "main": "index.js",
  "scripts": {
    "test": "mocha"
  },
  "author": "Meera Bavadekar",
  "license": "ISC",
  "dependencies": {
    "actions-on-google": "^1.2.1",
    "circular-json": "^0.3.3",
    "dashbot": "^9.2.0",
    "firebase": "^4.6.2",
    "firebase-admin": "^5.5.0",
    "firebase-functions": "^0.7.3",
    "fuse.js": "^3.1.0",
    "ical": "^0.5.0",
    "json-circular": "0.0.1",
    "moment": "^2.18.1",
    "moment-timezone": "^0.5.13",
    "nevernull": "^1.3.0",
    "node-ical": "^0.5.4"
  },
  "repository": {
    "type": "git",
    "url": "git+https://github.com/meera/bot-teamup.git"
  },
  "homepage": "https://www.teamupschool.com",
  "devDependencies": {
    "babel-cli": "^6.26.0",
    "chai": "^4.1.2",
    "expect": "^21.2.1",
    "fuse.js": "^3.1.0",
    "ical2json": "^1.2.0",
    "mocha": "^3.5.3",
    "request": "^2.83.0",
    "should": "^13.1.0",
    "sinon": "^4.0.1",
    "supertest": "^3.0.0"
  }
}
[info] i  functions: ensuring necessary APIs are enabled...
[info] i  runtimeconfig: ensuring necessary APIs are enabled...
[debug] [2017-11-11T04:47:47.272Z] >>> HTTP REQUEST GET https://servicemanagement.googleapis.com/v1/services/cloudfunctions.googleapis.com/projectSettings/bot-teamupschool?view=CONSUMER_VIEW  
 Fri Nov 10 2017 20:47:47 GMT-0800 (Pacific Standard Time)
[debug] [2017-11-11T04:47:47.272Z] >>> HTTP REQUEST GET https://servicemanagement.googleapis.com/v1/services/runtimeconfig.googleapis.com/projectSettings/bot-teamupschool?view=CONSUMER_VIEW  
 Fri Nov 10 2017 20:47:47 GMT-0800 (Pacific Standard Time)
[debug] [2017-11-11T04:47:47.878Z] <<< HTTP RESPONSE 200
[info] +  runtimeconfig: all necessary APIs are enabled
[debug] [2017-11-11T04:47:47.894Z] <<< HTTP RESPONSE 200
[info] +  functions: all necessary APIs are enabled
[debug] [2017-11-11T04:47:47.894Z] >>> HTTP REQUEST GET https://appengine.googleapis.com/v1/apps/bot-teamupschool  
 Fri Nov 10 2017 20:47:47 GMT-0800 (Pacific Standard Time)
[debug] [2017-11-11T04:47:47.894Z] >>> HTTP REQUEST GET https://apikeys.googleapis.com/v1/projects/bot-teamupschool/apiKeys  
 Fri Nov 10 2017 20:47:47 GMT-0800 (Pacific Standard Time)
[debug] [2017-11-11T04:47:48.363Z] <<< HTTP RESPONSE 200
[debug] [2017-11-11T04:47:48.537Z] <<< HTTP RESPONSE 200
[debug] [2017-11-11T04:49:15.942Z] ----------------------------------------------------------------------
[debug] [2017-11-11T04:49:15.957Z] Command:       C:\Program Files\nodejs\node.exe C:\Users\HanMin\AppData\Roaming\npm\node_modules\firebase-tools\bin\firebase deploy
[debug] [2017-11-11T04:49:15.957Z] CLI Version:   3.15.0
[debug] [2017-11-11T04:49:15.957Z] Platform:      win32
[debug] [2017-11-11T04:49:15.957Z] Node Version:  v6.11.2
[debug] [2017-11-11T04:49:15.957Z] Time:          Fri Nov 10 2017 20:49:15 GMT-0800 (Pacific Standard Time)
[debug] [2017-11-11T04:49:15.957Z] ----------------------------------------------------------------------
[debug] 
[debug] [2017-11-11T04:49:16.004Z] > command requires scopes: ["email","openid","https://www.googleapis.com/auth/cloudplatformprojects.readonly","https://www.googleapis.com/auth/firebase","https://www.googleapis.com/auth/cloud-platform"]
[debug] [2017-11-11T04:49:16.004Z] > authorizing via signed-in user
[debug] [2017-11-11T04:49:16.004Z] >>> HTTP REQUEST GET https://admin.firebase.com/v1/projects/bot-teamupschool  
 Fri Nov 10 2017 20:49:16 GMT-0800 (Pacific Standard Time)
[debug] [2017-11-11T04:49:16.741Z] <<< HTTP RESPONSE 200
[debug] [2017-11-11T04:49:16.741Z] >>> HTTP REQUEST GET https://admin.firebase.com/v1/database/bot-teamupschool/tokens  
 Fri Nov 10 2017 20:49:16 GMT-0800 (Pacific Standard Time)
[debug] [2017-11-11T04:49:17.257Z] <<< HTTP RESPONSE 200
[info] 
[info] === Deploying to 'bot-teamupschool'...
[info] 
[info] i  deploying functions
[debug] [2017-11-11T04:49:18.018Z] > [functions] package.json contents: {
  "name": "bot-teamupschool",
  "version": "1.0.0",
  "description": "",
  "main": "index.js",
  "scripts": {
    "test": "mocha"
  },
  "author": "Meera Bavadekar",
  "license": "ISC",
  "dependencies": {
    "actions-on-google": "^1.2.1",
    "circular-json": "^0.3.3",
    "dashbot": "^9.2.0",
    "firebase": "^4.6.2",
    "firebase-admin": "^5.5.0",
    "firebase-functions": "^0.7.3",
    "fuse.js": "^3.1.0",
    "ical": "^0.5.0",
    "json-circular": "0.0.1",
    "moment": "^2.18.1",
    "moment-timezone": "^0.5.13",
    "nevernull": "^1.3.0",
    "node-ical": "^0.5.4"
  },
  "repository": {
    "type": "git",
    "url": "git+https://github.com/meera/bot-teamup.git"
  },
  "homepage": "https://www.teamupschool.com",
  "devDependencies": {
    "babel-cli": "^6.26.0",
    "chai": "^4.1.2",
    "expect": "^21.2.1",
    "fuse.js": "^3.1.0",
    "ical2json": "^1.2.0",
    "mocha": "^3.5.3",
    "request": "^2.83.0",
    "should": "^13.1.0",
    "sinon": "^4.0.1",
    "supertest": "^3.0.0"
  }
}
[info] i  functions: ensuring necessary APIs are enabled...
[info] i  runtimeconfig: ensuring necessary APIs are enabled...
[debug] [2017-11-11T04:49:18.055Z] >>> HTTP REQUEST GET https://servicemanagement.googleapis.com/v1/services/cloudfunctions.googleapis.com/projectSettings/bot-teamupschool?view=CONSUMER_VIEW  
 Fri Nov 10 2017 20:49:18 GMT-0800 (Pacific Standard Time)
[debug] [2017-11-11T04:49:18.059Z] >>> HTTP REQUEST GET https://servicemanagement.googleapis.com/v1/services/runtimeconfig.googleapis.com/projectSettings/bot-teamupschool?view=CONSUMER_VIEW  
 Fri Nov 10 2017 20:49:18 GMT-0800 (Pacific Standard Time)
[debug] [2017-11-11T04:49:18.613Z] <<< HTTP RESPONSE 200
[info] +  runtimeconfig: all necessary APIs are enabled
[debug] [2017-11-11T04:49:18.660Z] <<< HTTP RESPONSE 200
[info] +  functions: all necessary APIs are enabled
[debug] [2017-11-11T04:49:18.676Z] >>> HTTP REQUEST GET https://appengine.googleapis.com/v1/apps/bot-teamupschool  
 Fri Nov 10 2017 20:49:18 GMT-0800 (Pacific Standard Time)
[debug] [2017-11-11T04:49:18.676Z] >>> HTTP REQUEST GET https://apikeys.googleapis.com/v1/projects/bot-teamupschool/apiKeys  
 Fri Nov 10 2017 20:49:18 GMT-0800 (Pacific Standard Time)
[debug] [2017-11-11T04:49:19.068Z] <<< HTTP RESPONSE 200
[debug] [2017-11-11T04:49:19.334Z] <<< HTTP RESPONSE 200
[info] i  functions: preparing . directory for uploading...
[debug] [2017-11-11T04:51:23.126Z] >>> HTTP REQUEST GET https://runtimeconfig.googleapis.com/v1beta1/projects/bot-teamupschool/configs  
 Fri Nov 10 2017 20:51:23 GMT-0800 (Pacific Standard Time)
[debug] [2017-11-11T04:51:23.407Z] <<< HTTP RESPONSE 200
[debug] [2017-11-11T04:51:23.423Z] >>> HTTP REQUEST GET https://runtimeconfig.googleapis.com/v1beta1/projects/bot-teamupschool/configs/dashbot/variables  
 Fri Nov 10 2017 20:51:23 GMT-0800 (Pacific Standard Time)
[debug] [2017-11-11T04:51:23.564Z] <<< HTTP RESPONSE 200
[debug] [2017-11-11T04:51:23.579Z] >>> HTTP REQUEST GET https://runtimeconfig.googleapis.com/v1beta1/projects/bot-teamupschool/configs/dashbot/variables/api_key  
 Fri Nov 10 2017 20:51:23 GMT-0800 (Pacific Standard Time)
[debug] [2017-11-11T04:51:23.720Z] <<< HTTP RESPONSE 200
[debug] [2017-11-11T07:30:05.633Z] ----------------------------------------------------------------------
[debug] [2017-11-11T07:30:05.633Z] Command:       C:\Program Files\nodejs\node.exe C:\Users\HanMin\AppData\Roaming\npm\node_modules\firebase-tools\bin\firebase deploy
[debug] [2017-11-11T07:30:05.633Z] CLI Version:   3.15.0
[debug] [2017-11-11T07:30:05.633Z] Platform:      win32
[debug] [2017-11-11T07:30:05.633Z] Node Version:  v6.11.2
[debug] [2017-11-11T07:30:05.633Z] Time:          Fri Nov 10 2017 23:30:05 GMT-0800 (Pacific Standard Time)
[debug] [2017-11-11T07:30:05.633Z] ----------------------------------------------------------------------
[debug] 
[debug] [2017-11-11T07:30:05.664Z] > command requires scopes: ["email","openid","https://www.googleapis.com/auth/cloudplatformprojects.readonly","https://www.googleapis.com/auth/firebase","https://www.googleapis.com/auth/cloud-platform"]
[debug] [2017-11-11T07:30:05.664Z] > authorizing via signed-in user
[debug] [2017-11-11T07:30:05.664Z] > refreshing access token with scopes: ["email","https://www.googleapis.com/auth/cloud-platform","https://www.googleapis.com/auth/cloudplatformprojects.readonly","https://www.googleapis.com/auth/firebase","openid"]
[debug] [2017-11-11T07:30:05.664Z] >>> HTTP REQUEST POST https://www.googleapis.com/oauth2/v3/token { refresh_token: '1/W8adUotbkiowUEZ8KeiK3UltW9nkmrbwXkfjsLxGDg8',
  client_id: '563584335869-fgrhgmd47bqnekij5i8b5pr03ho849e6.apps.googleusercontent.com',
  client_secret: 'j9iVZfS8kkCEFUPaAeJV0sAi',
  grant_type: 'refresh_token',
  scope: 'email https://www.googleapis.com/auth/cloud-platform https://www.googleapis.com/auth/cloudplatformprojects.readonly https://www.googleapis.com/auth/firebase openid' } 
 Fri Nov 10 2017 23:30:05 GMT-0800 (Pacific Standard Time)
[debug] [2017-11-11T07:30:05.852Z] <<< HTTP RESPONSE 200
[debug] [2017-11-11T07:30:05.868Z] >>> HTTP REQUEST GET https://admin.firebase.com/v1/projects/bot-teamupschool  
 Fri Nov 10 2017 23:30:05 GMT-0800 (Pacific Standard Time)
[debug] [2017-11-11T07:30:06.479Z] <<< HTTP RESPONSE 200
[debug] [2017-11-11T07:30:06.479Z] >>> HTTP REQUEST GET https://admin.firebase.com/v1/database/bot-teamupschool/tokens  
 Fri Nov 10 2017 23:30:06 GMT-0800 (Pacific Standard Time)
[debug] [2017-11-11T07:30:06.900Z] <<< HTTP RESPONSE 200
[info] 
[info] === Deploying to 'bot-teamupschool'...
[info] 
[info] i  deploying functions
[debug] [2017-11-11T07:30:07.605Z] > [functions] package.json contents: {
  "name": "bot-teamupschool",
  "version": "1.0.0",
  "description": "",
  "main": "index.js",
  "scripts": {
    "test": "mocha"
  },
  "author": "Meera Bavadekar",
  "license": "ISC",
  "dependencies": {
    "actions-on-google": "^1.2.1",
    "circular-json": "^0.3.3",
    "dashbot": "^9.2.0",
    "firebase": "^4.6.2",
    "firebase-admin": "^5.5.0",
    "firebase-functions": "^0.7.3",
    "fuse.js": "^3.1.0",
    "ical": "^0.5.0",
    "json-circular": "0.0.1",
    "moment": "^2.18.1",
    "moment-timezone": "^0.5.13",
    "nevernull": "^1.3.0",
    "node-ical": "^0.5.4"
  },
  "repository": {
    "type": "git",
    "url": "git+https://github.com/meera/bot-teamup.git"
  },
  "homepage": "https://www.teamupschool.com",
  "devDependencies": {
    "babel-cli": "^6.26.0",
    "chai": "^4.1.2",
    "expect": "^21.2.1",
    "fuse.js": "^3.1.0",
    "ical2json": "^1.2.0",
    "mocha": "^3.5.3",
    "request": "^2.83.0",
    "should": "^13.1.0",
    "sinon": "^4.0.1",
    "supertest": "^3.0.0"
  }
}
[info] i  functions: ensuring necessary APIs are enabled...
[info] i  runtimeconfig: ensuring necessary APIs are enabled...
[debug] [2017-11-11T07:30:07.621Z] >>> HTTP REQUEST GET https://servicemanagement.googleapis.com/v1/services/cloudfunctions.googleapis.com/projectSettings/bot-teamupschool?view=CONSUMER_VIEW  
 Fri Nov 10 2017 23:30:07 GMT-0800 (Pacific Standard Time)
[debug] [2017-11-11T07:30:07.621Z] >>> HTTP REQUEST GET https://servicemanagement.googleapis.com/v1/services/runtimeconfig.googleapis.com/projectSettings/bot-teamupschool?view=CONSUMER_VIEW  
 Fri Nov 10 2017 23:30:07 GMT-0800 (Pacific Standard Time)
[debug] [2017-11-11T07:30:08.190Z] <<< HTTP RESPONSE 200
[info] +  runtimeconfig: all necessary APIs are enabled
[debug] [2017-11-11T07:30:08.206Z] <<< HTTP RESPONSE 200
[info] +  functions: all necessary APIs are enabled
[debug] [2017-11-11T07:30:08.206Z] >>> HTTP REQUEST GET https://appengine.googleapis.com/v1/apps/bot-teamupschool  
 Fri Nov 10 2017 23:30:08 GMT-0800 (Pacific Standard Time)
[debug] [2017-11-11T07:30:08.206Z] >>> HTTP REQUEST GET https://apikeys.googleapis.com/v1/projects/bot-teamupschool/apiKeys  
 Fri Nov 10 2017 23:30:08 GMT-0800 (Pacific Standard Time)
[debug] [2017-11-11T07:30:08.746Z] <<< HTTP RESPONSE 200
[debug] [2017-11-11T07:30:08.875Z] <<< HTTP RESPONSE 200
[info] i  functions: preparing . directory for uploading...
[debug] [2017-11-11T07:31:36.620Z] >>> HTTP REQUEST GET https://runtimeconfig.googleapis.com/v1beta1/projects/bot-teamupschool/configs  
 Fri Nov 10 2017 23:31:36 GMT-0800 (Pacific Standard Time)
[debug] [2017-11-11T07:31:36.964Z] <<< HTTP RESPONSE 200
[debug] [2017-11-11T07:31:36.964Z] >>> HTTP REQUEST GET https://runtimeconfig.googleapis.com/v1beta1/projects/bot-teamupschool/configs/dashbot/variables  
 Fri Nov 10 2017 23:31:36 GMT-0800 (Pacific Standard Time)
[debug] [2017-11-11T07:31:37.182Z] <<< HTTP RESPONSE 200
[debug] [2017-11-11T07:31:37.182Z] >>> HTTP REQUEST GET https://runtimeconfig.googleapis.com/v1beta1/projects/bot-teamupschool/configs/dashbot/variables/api_key  
 Fri Nov 10 2017 23:31:37 GMT-0800 (Pacific Standard Time)
[debug] [2017-11-11T07:31:37.417Z] <<< HTTP RESPONSE 200
[info] i  functions: packaged . (3.93 MB) for uploading
[debug] [2017-11-11T07:32:39.029Z] >>> HTTP REQUEST GET https://www.googleapis.com/storage/v1/b/staging.bot-teamupschool.appspot.com  
 Fri Nov 10 2017 23:32:39 GMT-0800 (Pacific Standard Time)
[debug] [2017-11-11T07:32:39.201Z] <<< HTTP RESPONSE 200
[debug] [2017-11-11T07:32:39.201Z] >>> HTTP REQUEST POST https://www.googleapis.com/upload/storage/v1/b/staging.bot-teamupschool.appspot.com/o?uploadType=media&name=firebase-functions-source ReadStream {
  _readableState: 
   ReadableState {
     objectMode: false,
     highWaterMark: 65536,
     buffer: BufferList { head: [Object], tail: [Object], length: 1 },
     length: 65536,
     pipes: null,
     pipesCount: 0,
     flowing: null,
     ended: false,
     endEmitted: false,
     reading: false,
     sync: false,
     needReadable: false,
     emittedReadable: true,
     readableListening: false,
     resumeScheduled: false,
     defaultEncoding: 'utf8',
     ranOut: false,
     awaitDrain: 0,
     readingMore: false,
     decoder: null,
     encoding: null },
  readable: true,
  domain: null,
  _events: { end: [Function] },
  _eventsCount: 1,
  _maxListeners: undefined,
  path: 'C:\\Users\\HanMin\\AppData\\Local\\Temp\\firebase-functions-16316C1zGFKOrrKIY.zip',
  fd: 5,
  flags: 'r',
  mode: 438,
  start: undefined,
  end: undefined,
  autoClose: true,
  pos: undefined,
  bytesRead: 65536 } 
 Fri Nov 10 2017 23:32:39 GMT-0800 (Pacific Standard Time)
[debug] [2017-11-11T07:32:44.744Z] <<< HTTP RESPONSE 403
[debug] [2017-11-11T07:32:44.744Z] <<< HTTP RESPONSE BODY {
 "error": {
  "errors": [
   {
    "domain": "global",
    "reason": "forbidden",
    "message": "swetha.soudher@gmail.com does not have storage.objects.create access to bucket staging.bot-teamupschool.appspot.com."
   }
  ],
  "code": 403,
  "message": "swetha.soudher@gmail.com does not have storage.objects.create access to bucket staging.bot-teamupschool.appspot.com."
 }
}

[debug] [2017-11-11T07:32:44.744Z] TypeError: Cannot create property 'error' on string '{
 "error": {
  "errors": [
   {
    "domain": "global",
    "reason": "forbidden",
    "message": "swetha.soudher@gmail.com does not have storage.objects.create access to bucket staging.bot-teamupschool.appspot.com."
   }
  ],
  "code": 403,
  "message": "swetha.soudher@gmail.com does not have storage.objects.create access to bucket staging.bot-teamupschool.appspot.com."
 }
}
'
    at module.exports (C:\Users\HanMin\AppData\Roaming\npm\node_modules\firebase-tools\lib\responseToError.js:11:16)
    at Request._callback (C:\Users\HanMin\AppData\Roaming\npm\node_modules\firebase-tools\lib\api.js:43:25)
    at Request.self.callback (C:\Users\HanMin\AppData\Roaming\npm\node_modules\firebase-tools\node_modules\request\request.js:186:22)
    at emitTwo (events.js:106:13)
    at Request.emit (events.js:191:7)
    at Request.<anonymous> (C:\Users\HanMin\AppData\Roaming\npm\node_modules\firebase-tools\node_modules\request\request.js:1163:10)
    at emitOne (events.js:96:13)
    at Request.emit (events.js:188:7)
    at IncomingMessage.<anonymous> (C:\Users\HanMin\AppData\Roaming\npm\node_modules\firebase-tools\node_modules\request\request.js:1085:12)
    at IncomingMessage.g (events.js:292:16)
[error] 
[error] Error: An unexpected error has occurred.
